<?xml version="1.0" encoding="UTF-8"?>
<!-- Generated by org.testng.reporters.JUnitReportReporter -->
<testsuite skipped="0" hostname="DESKTOP-6NOP34G" name="mymaven.MavenTest" tests="6" failures="0" timestamp="23 Feb 2019 09:21:44 GMT" time="6.746" errors="0">
  <testcase name="logintomorningstar" time="0.414" classname="mymaven.MavenTest"/>
  <testcase name="verifyopenpage" time="0.023" classname="mymaven.MavenTest"/>
  <testcase name="ScrollDown" time="0.019" classname="mymaven.MavenTest"/>
  <testcase name="idexreturn" time="4.140" classname="mymaven.MavenTest"/>
  <testcase name="Europe" time="0.776" classname="mymaven.MavenTest"/>
  <testcase name="Currency" time="1.374" classname="mymaven.MavenTest"/>
</testsuite> <!-- mymaven.MavenTest -->
